0 info it worked if it ends with ok
1 verbose cli [ 'C:\\Program Files\\nodejs\\node.exe',
1 verbose cli   'C:\\Program Files\\nodejs\\node_modules\\npm\\bin\\npm-cli.js',
1 verbose cli   'publish' ]
2 info using npm@3.10.9
3 info using node@v6.9.2
4 verbose publish [ '.' ]
5 silly cache add args [ '.', null ]
6 verbose cache add spec .
7 silly cache add parsed spec Result {
7 silly cache add   raw: '.',
7 silly cache add   scope: null,
7 silly cache add   escapedName: null,
7 silly cache add   name: null,
7 silly cache add   rawSpec: '.',
7 silly cache add   spec: 'D:\\sinfoDEV\\workspace-php\\flexboxgrid-sass',
7 silly cache add   type: 'directory' }
8 verbose addLocalDirectory C:\Users\David WEB\AppData\Roaming\npm-cache\flexboxgrid-sass\1.0.0\package.tgz not in flight; packing
9 verbose correctMkdir C:\Users\David WEB\AppData\Roaming\npm-cache correctMkdir not in flight; initializing
10 info lifecycle flexboxgrid-sass@1.0.0~prepublish: flexboxgrid-sass@1.0.0
11 silly lifecycle flexboxgrid-sass@1.0.0~prepublish: no script for prepublish, continuing
12 verbose tar pack [ 'C:\\Users\\David WEB\\AppData\\Roaming\\npm-cache\\flexboxgrid-sass\\1.0.0\\package.tgz',
12 verbose tar pack   'D:\\sinfoDEV\\workspace-php\\flexboxgrid-sass' ]
13 verbose tarball C:\Users\David WEB\AppData\Roaming\npm-cache\flexboxgrid-sass\1.0.0\package.tgz
14 verbose folder D:\sinfoDEV\workspace-php\flexboxgrid-sass
15 verbose addLocalTarball adding from inside cache C:\Users\David WEB\AppData\Roaming\npm-cache\flexboxgrid-sass\1.0.0\package.tgz
16 verbose correctMkdir C:\Users\David WEB\AppData\Roaming\npm-cache correctMkdir not in flight; initializing
17 silly cache afterAdd flexboxgrid-sass@1.0.0
18 verbose afterAdd C:\Users\David WEB\AppData\Roaming\npm-cache\flexboxgrid-sass\1.0.0\package\package.json not in flight; writing
19 verbose correctMkdir C:\Users\David WEB\AppData\Roaming\npm-cache correctMkdir not in flight; initializing
20 verbose afterAdd C:\Users\David WEB\AppData\Roaming\npm-cache\flexboxgrid-sass\1.0.0\package\package.json written
21 silly publish { name: 'flexboxgrid-sass',
21 silly publish   version: '1.0.0',
21 silly publish   description: 'Flexboxgrid make with sass.',
21 silly publish   style: 'dist/flexboxgrid.css',
21 silly publish   main: 'dist/flexboxgrid.css',
21 silly publish   scripts: { test: 'echo "Error: no test specified" && exit 1' },
21 silly publish   repository:
21 silly publish    { type: 'git',
21 silly publish      url: 'git://github.com/davidmds/flexboxgrid-sass.git' },
21 silly publish   keywords: [ 'flexbox', 'grid', 'css', 'sass' ],
21 silly publish   author: { name: '@davidmds' },
21 silly publish   license: 'MIT',
21 silly publish   bugs: { url: 'https://github.com/davidmds/flexboxgrid-sass/issues' },
21 silly publish   homepage: 'https://github.com/davidmds/flexboxgrid-sass',
21 silly publish   devDependencies:
21 silly publish    { gulp: '^3.9.0',
21 silly publish      'gulp-autoprefixer': '^3.1.0',
21 silly publish      'gulp-clean': '^0.3.2',
21 silly publish      'gulp-livereload': '^3.8.1',
21 silly publish      'gulp-sass': '^2.1.0',
21 silly publish      'gulp-sourcemaps': '^1.6.0',
21 silly publish      'gulp-util': '^3.0.7',
21 silly publish      'gulp-watch': '^4.3.5' },
21 silly publish   readme: '# flexboxgrid-sass\r\nFlexboxgrid make with sass\r\n',
21 silly publish   readmeFilename: 'README.md',
21 silly publish   gitHead: '108182ae5382c30776f48bc696e1815c273f9ec1',
21 silly publish   _id: 'flexboxgrid-sass@1.0.0',
21 silly publish   _shasum: '60f8ec3ec03eba3ad48b1aa4b6f7f64848572329',
21 silly publish   _from: '.' }
22 verbose getPublishConfig undefined
23 silly mapToRegistry name flexboxgrid-sass
24 silly mapToRegistry using default registry
25 silly mapToRegistry registry https://registry.npmjs.org/
26 silly mapToRegistry data Result {
26 silly mapToRegistry   raw: 'flexboxgrid-sass',
26 silly mapToRegistry   scope: null,
26 silly mapToRegistry   escapedName: 'flexboxgrid-sass',
26 silly mapToRegistry   name: 'flexboxgrid-sass',
26 silly mapToRegistry   rawSpec: '',
26 silly mapToRegistry   spec: 'latest',
26 silly mapToRegistry   type: 'tag' }
27 silly mapToRegistry uri https://registry.npmjs.org/flexboxgrid-sass
28 verbose publish registryBase https://registry.npmjs.org/
29 silly publish uploading C:\Users\David WEB\AppData\Roaming\npm-cache\flexboxgrid-sass\1.0.0\package.tgz
30 verbose request uri https://registry.npmjs.org/flexboxgrid-sass
31 verbose request sending authorization for write operation
32 info attempt registry request try #1 at 17:39:26
33 verbose request using bearer token for auth
34 verbose request id afb25e882039acec
35 http request PUT https://registry.npmjs.org/flexboxgrid-sass
36 http 403 https://registry.npmjs.org/flexboxgrid-sass
37 verbose headers { 'content-type': 'application/json',
37 verbose headers   'cache-control': 'max-age=300',
37 verbose headers   'content-length': '110',
37 verbose headers   'accept-ranges': 'bytes',
37 verbose headers   date: 'Wed, 21 Dec 2016 20:37:56 GMT',
37 verbose headers   via: '1.1 varnish',
37 verbose headers   connection: 'keep-alive',
37 verbose headers   'x-served-by': 'cache-gru7123-GRU',
37 verbose headers   'x-cache': 'MISS',
37 verbose headers   'x-cache-hits': '0',
37 verbose headers   'x-timer': 'S1482352675.425084,VS0,VE827',
37 verbose headers   vary: 'Accept-Encoding' }
38 verbose request invalidating C:\Users\David WEB\AppData\Roaming\npm-cache\registry.npmjs.org\flexboxgrid-sass on PUT
39 error publish Failed PUT 403
40 verbose stack Error: you do not have permission to publish "flexboxgrid-sass". Are you logged in as the correct user? : flexboxgrid-sass
40 verbose stack     at makeError (C:\Program Files\nodejs\node_modules\npm\node_modules\npm-registry-client\lib\request.js:302:12)
40 verbose stack     at CachingRegistryClient.<anonymous> (C:\Program Files\nodejs\node_modules\npm\node_modules\npm-registry-client\lib\request.js:290:14)
40 verbose stack     at Request._callback (C:\Program Files\nodejs\node_modules\npm\node_modules\npm-registry-client\lib\request.js:210:14)
40 verbose stack     at Request.self.callback (C:\Program Files\nodejs\node_modules\npm\node_modules\request\request.js:187:22)
40 verbose stack     at emitTwo (events.js:106:13)
40 verbose stack     at Request.emit (events.js:191:7)
40 verbose stack     at Request.<anonymous> (C:\Program Files\nodejs\node_modules\npm\node_modules\request\request.js:1048:10)
40 verbose stack     at emitOne (events.js:96:13)
40 verbose stack     at Request.emit (events.js:188:7)
40 verbose stack     at IncomingMessage.<anonymous> (C:\Program Files\nodejs\node_modules\npm\node_modules\request\request.js:969:12)
41 verbose statusCode 403
42 verbose pkgid flexboxgrid-sass
43 verbose cwd D:\sinfoDEV\workspace-php\flexboxgrid-sass
44 error Windows_NT 6.1.7601
45 error argv "C:\\Program Files\\nodejs\\node.exe" "C:\\Program Files\\nodejs\\node_modules\\npm\\bin\\npm-cli.js" "publish"
46 error node v6.9.2
47 error npm  v3.10.9
48 error code E403
49 error you do not have permission to publish "flexboxgrid-sass". Are you logged in as the correct user? : flexboxgrid-sass
50 error If you need help, you may report this error at:
50 error     <https://github.com/npm/npm/issues>
51 verbose exit [ 1, true ]
